<?xml version="1.0" encoding="windows-1252" standalone="no"?>
<!DOCTYPE log SYSTEM "logger.dtd">
<log>
<record>
  <date>2022-03-16T10:06:58.601795800Z</date>
  <millis>1647425218601</millis>
  <nanos>795800</nanos>
  <sequence>0</sequence>
  <logger>logs.LogConsolaMasFichero</logger>
  <level>CONFIG</level>
  <class>logs.LogConsolaMasFichero</class>
  <method>main</method>
  <thread>1</thread>
  <message>Configuración hecha.</message>
</record>
<record>
  <date>2022-03-16T10:06:58.685573800Z</date>
  <millis>1647425218685</millis>
  <nanos>573800</nanos>
  <sequence>1</sequence>
  <logger>logs.LogConsolaMasFichero</logger>
  <level>FINE</level>
  <class>logs.LogConsolaMasFichero</class>
  <method>main</method>
  <thread>1</thread>
  <message>Nivel de log cambiado a FINE</message>
</record>
<record>
  <date>2022-03-16T10:06:58.692641500Z</date>
  <millis>1647425218692</millis>
  <nanos>641500</nanos>
  <sequence>2</sequence>
  <logger>logs.LogConsolaMasFichero</logger>
  <level>FINER</level>
  <class>logs.LogConsolaMasFichero</class>
  <method>main</method>
  <thread>1</thread>
  <message>Ejemplo con log FINE en LOGGER completado.</message>
</record>
</log>
